  mySystemApp.cpp
C:\Users\cies_96035\Documents\資料\C++相關\OOP\hw01_oop_summer\OOP_HW01_NET2010_202007_Summer_Template\primitives\vector3d.h(24,61): warning C4244: 'return': 將 'double' 轉換為 'float'，由於類型不同，可能導致資料遺失
  mySystemApp_HandleEvents.cpp
  mySystemApp_draw.cpp
C:\Users\cies_96035\Documents\資料\C++相關\OOP\hw01_oop_summer\OOP_HW01_NET2010_202007_Summer_Template\primitives\vector3d.h(24,61): warning C4244: 'return': 將 'double' 轉換為 'float'，由於類型不同，可能導致資料遺失
C:\Users\cies_96035\Documents\資料\C++相關\OOP\hw01_oop_summer\OOP_HW01_NET2010_202007_Summer_Template\00_StudentWork\00_SimpleInteractiveSystem\mySystemApp_draw.cpp(75,10): warning C4244: '正在初始化': 將 'double' 轉換為 'float'，由於類型不同，可能導致資料遺失
C:\Users\cies_96035\Documents\資料\C++相關\OOP\hw01_oop_summer\OOP_HW01_NET2010_202007_Summer_Template\00_StudentWork\00_SimpleInteractiveSystem\mySystemApp_draw.cpp(92,29): warning C4305: '引數': 從 'double' 轉換為 'GLfloat'，是由較大的類型轉換為較小的類型，可能導致資料遺失
C:\Users\cies_96035\Documents\資料\C++相關\OOP\hw01_oop_summer\OOP_HW01_NET2010_202007_Summer_Template\00_StudentWork\00_SimpleInteractiveSystem\mySystemApp_draw.cpp(94,29): warning C4305: '引數': 從 'double' 轉換為 'GLfloat'，是由較大的類型轉換為較小的類型，可能導致資料遺失
C:\Users\cies_96035\Documents\資料\C++相關\OOP\hw01_oop_summer\OOP_HW01_NET2010_202007_Summer_Template\00_StudentWork\00_SimpleInteractiveSystem\mySystemApp_draw.cpp(105,11): warning C4244: '正在初始化': 將 'double' 轉換為 'float'，由於類型不同，可能導致資料遺失
C:\Users\cies_96035\Documents\資料\C++相關\OOP\hw01_oop_summer\OOP_HW01_NET2010_202007_Summer_Template\00_StudentWork\00_SimpleInteractiveSystem\mySystemApp_draw.cpp(117,26): warning C4305: '引數': 從 'double' 轉換為 'GLfloat'，是由較大的類型轉換為較小的類型，可能導致資料遺失
C:\Users\cies_96035\Documents\資料\C++相關\OOP\hw01_oop_summer\OOP_HW01_NET2010_202007_Summer_Template\00_StudentWork\00_SimpleInteractiveSystem\mySystemApp_draw.cpp(126,10): warning C4244: '=': 將 'double' 轉換為 'float'，由於類型不同，可能導致資料遺失
C:\Users\cies_96035\Documents\資料\C++相關\OOP\hw01_oop_summer\OOP_HW01_NET2010_202007_Summer_Template\00_StudentWork\00_SimpleInteractiveSystem\mySystemApp_draw.cpp(127,32): warning C4244: '=': 將 'double' 轉換為 'float'，由於類型不同，可能導致資料遺失
C:\Users\cies_96035\Documents\資料\C++相關\OOP\hw01_oop_summer\OOP_HW01_NET2010_202007_Summer_Template\00_StudentWork\00_SimpleInteractiveSystem\mySystemApp_draw.cpp(133,26): warning C4305: '引數': 從 'double' 轉換為 'GLfloat'，是由較大的類型轉換為較小的類型，可能導致資料遺失
C:\Users\cies_96035\Documents\資料\C++相關\OOP\hw01_oop_summer\OOP_HW01_NET2010_202007_Summer_Template\00_StudentWork\00_SimpleInteractiveSystem\mySystemApp_draw.cpp(139,10): warning C4244: '=': 將 'double' 轉換為 'float'，由於類型不同，可能導致資料遺失
C:\Users\cies_96035\Documents\資料\C++相關\OOP\hw01_oop_summer\OOP_HW01_NET2010_202007_Summer_Template\00_StudentWork\00_SimpleInteractiveSystem\mySystemApp_draw.cpp(140,32): warning C4244: '=': 將 'double' 轉換為 'float'，由於類型不同，可能導致資料遺失
C:\Users\cies_96035\Documents\資料\C++相關\OOP\hw01_oop_summer\OOP_HW01_NET2010_202007_Summer_Template\00_StudentWork\00_SimpleInteractiveSystem\mySystemApp_draw.cpp(152,21): warning C4305: '+=': 從 'double' 轉換為 'float'，是由較大的類型轉換為較小的類型，可能導致資料遺失
C:\Users\cies_96035\Documents\資料\C++相關\OOP\hw01_oop_summer\OOP_HW01_NET2010_202007_Summer_Template\00_StudentWork\00_SimpleInteractiveSystem\mySystemApp_draw.cpp(159,26): warning C4244: '引數': 將 'double' 轉換為 'GLfloat'，由於類型不同，可能導致資料遺失
C:\Users\cies_96035\Documents\資料\C++相關\OOP\hw01_oop_summer\OOP_HW01_NET2010_202007_Summer_Template\00_StudentWork\00_SimpleInteractiveSystem\mySystemApp_draw.cpp(159,51): warning C4305: '引數': 從 'double' 轉換為 'GLfloat'，是由較大的類型轉換為較小的類型，可能導致資料遺失
C:\Users\cies_96035\Documents\資料\C++相關\OOP\hw01_oop_summer\OOP_HW01_NET2010_202007_Summer_Template\00_StudentWork\00_SimpleInteractiveSystem\mySystemApp_draw.cpp(161,9): warning C4244: '=': 將 'int' 轉換為 'float'，由於類型不同，可能導致資料遺失
C:\Users\cies_96035\Documents\資料\C++相關\OOP\hw01_oop_summer\OOP_HW01_NET2010_202007_Summer_Template\00_StudentWork\00_SimpleInteractiveSystem\mySystemApp_draw.cpp(167,60): warning C4244: '=': 將 'int' 轉換為 'float'，由於類型不同，可能導致資料遺失
  mySystem_MonteCarlo.cpp
C:\Users\cies_96035\Documents\資料\C++相關\OOP\hw01_oop_summer\OOP_HW01_NET2010_202007_Summer_Template\primitives\vector3d.h(24,61): warning C4244: 'return': 將 'double' 轉換為 'float'，由於類型不同，可能導致資料遺失
C:\Users\cies_96035\Documents\資料\C++相關\OOP\hw01_oop_summer\OOP_HW01_NET2010_202007_Summer_Template\00_StudentWork\00_SimpleInteractiveSystem\mySystem_MonteCarlo.cpp(108,26): warning C4244: '=': 將 'double' 轉換為 'float'，由於類型不同，可能導致資料遺失
C:\Users\cies_96035\Documents\資料\C++相關\OOP\hw01_oop_summer\OOP_HW01_NET2010_202007_Summer_Template\00_StudentWork\00_SimpleInteractiveSystem\mySystem_MonteCarlo.cpp(188,11): warning C4101: 'fy': 未參考的區域變數
  mySystem_QuaticFunction.cpp
C:\Users\cies_96035\Documents\資料\C++相關\OOP\hw01_oop_summer\OOP_HW01_NET2010_202007_Summer_Template\primitives\vector3d.h(24,61): warning C4244: 'return': 將 'double' 轉換為 'float'，由於類型不同，可能導致資料遺失
C:\Users\cies_96035\Documents\資料\C++相關\OOP\hw01_oop_summer\OOP_HW01_NET2010_202007_Summer_Template\00_StudentWork\00_SimpleInteractiveSystem\mySystem_QuaticFunction.cpp(41,28): warning C4305: '正在初始化': 從 'double' 轉換為 'float'，是由較大的類型轉換為較小的類型，可能導致資料遺失
C:\Users\cies_96035\Documents\資料\C++相關\OOP\hw01_oop_summer\OOP_HW01_NET2010_202007_Summer_Template\00_StudentWork\00_SimpleInteractiveSystem\mySystem_QuaticFunction.cpp(42,27): warning C4305: '正在初始化': 從 'double' 轉換為 'float'，是由較大的類型轉換為較小的類型，可能導致資料遺失
C:\Users\cies_96035\Documents\資料\C++相關\OOP\hw01_oop_summer\OOP_HW01_NET2010_202007_Summer_Template\00_StudentWork\00_SimpleInteractiveSystem\mySystem_QuaticFunction.cpp(43,26): warning C4305: '正在初始化': 從 'double' 轉換為 'float'，是由較大的類型轉換為較小的類型，可能導致資料遺失
C:\Users\cies_96035\Documents\資料\C++相關\OOP\hw01_oop_summer\OOP_HW01_NET2010_202007_Summer_Template\00_StudentWork\00_SimpleInteractiveSystem\mySystem_QuaticFunction.cpp(44,24): warning C4305: '正在初始化': 從 'double' 轉換為 'float'，是由較大的類型轉換為較小的類型，可能導致資料遺失
  mySystem_StudentRecordManager.cpp
C:\Users\cies_96035\Documents\資料\C++相關\OOP\hw01_oop_summer\OOP_HW01_NET2010_202007_Summer_Template\primitives\vector3d.h(24,61): warning C4244: 'return': 將 'double' 轉換為 'float'，由於類型不同，可能導致資料遺失
  boardGameApp.cpp
  boardGame.cpp
  freeCanvas2D.cpp
C:\Users\cies_96035\Documents\資料\C++相關\OOP\hw01_oop_summer\OOP_HW01_NET2010_202007_Summer_Template\primitives\vector3d.h(24,61): warning C4244: 'return': 將 'double' 轉換為 'float'，由於類型不同，可能導致資料遺失
  imageReader.cpp
  main.cpp
  openGLapp.cpp
  openGLapp.events.cpp
  openGLapp_draw.cpp
  openGLapp_init.cpp
  openGLapp_update.cpp
  camera.cpp
  opengl_stuff.cpp
  painter.cpp
C:\Users\cies_96035\Documents\資料\C++相關\OOP\hw01_oop_summer\OOP_HW01_NET2010_202007_Summer_Template\primitives\vector3d.h(24,61): warning C4244: 'return': 將 'double' 轉換為 'float'，由於類型不同，可能導致資料遺失
  painter_draw.cpp
C:\Users\cies_96035\Documents\資料\C++相關\OOP\hw01_oop_summer\OOP_HW01_NET2010_202007_Summer_Template\primitives\vector3d.h(24,61): warning C4244: 'return': 將 'double' 轉換為 'float'，由於類型不同，可能導致資料遺失
  正在編譯...
  paintingSystem.cpp
C:\Users\cies_96035\Documents\資料\C++相關\OOP\hw01_oop_summer\OOP_HW01_NET2010_202007_Summer_Template\primitives\vector3d.h(24,61): warning C4244: 'return': 將 'double' 轉換為 'float'，由於類型不同，可能導致資料遺失
  paintingSystemApp.cpp
C:\Users\cies_96035\Documents\資料\C++相關\OOP\hw01_oop_summer\OOP_HW01_NET2010_202007_Summer_Template\primitives\vector3d.h(24,61): warning C4244: 'return': 將 'double' 轉換為 'float'，由於類型不同，可能導致資料遺失
  paintingSystemApp_HandleEvents.cpp
C:\Users\cies_96035\Documents\資料\C++相關\OOP\hw01_oop_summer\OOP_HW01_NET2010_202007_Summer_Template\primitives\vector3d.h(24,61): warning C4244: 'return': 將 'double' 轉換為 'float'，由於類型不同，可能導致資料遺失
  paintingSystemApp_draw.cpp
C:\Users\cies_96035\Documents\資料\C++相關\OOP\hw01_oop_summer\OOP_HW01_NET2010_202007_Summer_Template\primitives\vector3d.h(24,61): warning C4244: 'return': 將 'double' 轉換為 'float'，由於類型不同，可能導致資料遺失
  texture.cpp
  textureManager.cpp
  textureManager_read.cpp
C:\Users\cies_96035\Documents\資料\C++相關\OOP\hw01_oop_summer\OOP_HW01_NET2010_202007_Summer_Template\textureManager\textureManager_read.cpp(46,12): warning C4834: 正在捨棄具有 'nodiscard' 屬性之函式的傳回值
C:\Program Files (x86)\Microsoft Visual Studio\2019\Community\MSBuild\Microsoft\VC\v160\Microsoft.CppBuild.targets(1288,5): warning MSB8012: TargetPath(C:\Users\cies_96035\Documents\資料\C++相關\OOP\hw01_oop_summer\OOP_HW01_NET2010_202007_Summer_Template\Release\myFirstSystem.exe) 與 Linker 的 OutputFile 屬性值 (C:\Users\cies_96035\Documents\資料\C++相關\OOP\hw01_oop_summer\OOP_HW01_NET2010_202007_Summer_Template\bin\Release\enjoy_programming.exe) 不相符。這可能會導致您的專案建置不正確。若要改正這種情況，請確認 $(OutDir)、$(TargetName) 和 $(TargetExt) 屬性值必須與 %(Link.OutputFile) 中指定的值相符。
C:\Program Files (x86)\Microsoft Visual Studio\2019\Community\MSBuild\Microsoft\VC\v160\Microsoft.CppBuild.targets(1290,5): warning MSB8012: TargetName(myFirstSystem) 與 Linker 的 OutputFile 屬性值 (enjoy_programming) 不相符。這可能會導致您的專案建置不正確。若要改正這種情況，請確認 $(OutDir)、$(TargetName) 和 $(TargetExt) 屬性值必須與 %(Link.OutputFile) 中指定的值相符。
  正在產生程式碼
  0 of 407 functions ( 0.0%) were compiled, the rest were copied from previous compilation.
    0 functions were new in current compilation
    0 functions had inline decision re-evaluated but remain unchanged
  已完成程式碼產生
  asm.vcxproj -> C:\Users\cies_96035\Documents\資料\C++相關\OOP\hw01_oop_summer\OOP_HW01_NET2010_202007_Summer_Template\Release\myFirstSystem.exe
