Build started 2/25/2016 9:30:30 AM.
     1>Project "D:\users\wingo\teaching\ObjectOrientedProgramming\1_Class_Examples\002_SimpleExamples_SoftwareDevelopmentProcess\00_SQUARE_01_Readable\oop\oop.vcxproj" on node 2 (build target(s)).
     1>InitializeBuildStatus:
         Creating "Release\oop.unsuccessfulbuild" because "AlwaysCreate" was specified.
       ClCompile:
         C:\Program Files (x86)\Microsoft Visual Studio 10.0\VC\bin\CL.exe /c /Zi /nologo /W3 /WX- /O2 /Oi /Oy- /GL /D WIN32 /D NDEBUG /D _CONSOLE /D _UNICODE /D UNICODE /Gm- /EHsc /MD /GS /Gy /fp:precise /Zc:wchar_t /Zc:forScope /Fo"Release\\" /Fd"Release\vc100.pdb" /Gd /TP /analyze- /errorReport:prompt ..\main.cpp
         main.cpp
       Link:
         C:\Program Files (x86)\Microsoft Visual Studio 10.0\VC\bin\link.exe /ERRORREPORT:PROMPT /OUT:"D:\users\wingo\teaching\ObjectOrientedProgramming\1_Class_Examples\002_SimpleExamples_SoftwareDevelopmentProcess\00_SQUARE_01_Readable\Release\oop.exe" /INCREMENTAL:NO /NOLOGO kernel32.lib user32.lib gdi32.lib winspool.lib comdlg32.lib advapi32.lib shell32.lib ole32.lib oleaut32.lib uuid.lib odbc32.lib odbccp32.lib /MANIFEST /ManifestFile:"Release\oop.exe.intermediate.manifest" /MANIFESTUAC:"level='asInvoker' uiAccess='false'" /DEBUG /PDB:"D:\users\wingo\teaching\ObjectOrientedProgramming\1_Class_Examples\002_SimpleExamples_SoftwareDevelopmentProcess\00_SQUARE_01_Readable\Release\oop.pdb" /SUBSYSTEM:CONSOLE /OPT:REF /OPT:ICF /LTCG /TLBID:1 /DYNAMICBASE /NXCOMPAT /IMPLIB:"D:\users\wingo\teaching\ObjectOrientedProgramming\1_Class_Examples\002_SimpleExamples_SoftwareDevelopmentProcess\00_SQUARE_01_Readable\Release\oop.lib" /MACHINE:X86 Release\main.obj
         Generating code
         Finished generating code
         oop.vcxproj -> D:\users\wingo\teaching\ObjectOrientedProgramming\1_Class_Examples\002_SimpleExamples_SoftwareDevelopmentProcess\00_SQUARE_01_Readable\Release\oop.exe
       Manifest:
         c:\Program Files (x86)\Microsoft SDKs\Windows\v7.0A\bin\mt.exe /nologo /verbose /outputresource:"D:\users\wingo\teaching\ObjectOrientedProgramming\1_Class_Examples\002_SimpleExamples_SoftwareDevelopmentProcess\00_SQUARE_01_Readable\Release\oop.exe;#1" /manifest Release\oop.exe.intermediate.manifest
       FinalizeBuildStatus:
         Deleting file "Release\oop.unsuccessfulbuild".
         Touching "Release\oop.lastbuildstate".
     1>Done Building Project "D:\users\wingo\teaching\ObjectOrientedProgramming\1_Class_Examples\002_SimpleExamples_SoftwareDevelopmentProcess\00_SQUARE_01_Readable\oop\oop.vcxproj" (build target(s)).

Build succeeded.

Time Elapsed 00:00:00.73
