Build started 2/23/2016 10:33:41 AM.
     1>Project "D:\users\wingo\teaching\ObjectOrientedProgramming\1_Class_Examples\002_SimpleExamples_SoftwareDevelopmentProcess\00_SQUARE_01_Readable\oop\oop.vcxproj" on node 2 (build target(s)).
     1>InitializeBuildStatus:
         Touching "Debug\oop.unsuccessfulbuild".
       ClCompile:
         C:\Program Files (x86)\Microsoft Visual Studio 10.0\VC\bin\CL.exe /c /ZI /nologo /W3 /WX- /Od /Oy- /D WIN32 /D _DEBUG /D _CONSOLE /D _UNICODE /D UNICODE /Gm /EHsc /RTC1 /MDd /GS /fp:precise /Zc:wchar_t /Zc:forScope /Fo"Debug\\" /Fd"Debug\vc100.pdb" /Gd /TP /analyze- /errorReport:prompt ..\main.cpp
         main.cpp
       ManifestResourceCompile:
         c:\Program Files (x86)\Microsoft SDKs\Windows\v7.0A\bin\rc.exe /nologo /fo"Debug\oop.exe.embed.manifest.res" Debug\oop_manifest.rc 
       Link:
         C:\Program Files (x86)\Microsoft Visual Studio 10.0\VC\bin\link.exe /ERRORREPORT:PROMPT /OUT:"D:\users\wingo\teaching\ObjectOrientedProgramming\1_Class_Examples\002_SimpleExamples_SoftwareDevelopmentProcess\00_SQUARE_01_Readable\Debug\oop.exe" /INCREMENTAL /NOLOGO kernel32.lib user32.lib gdi32.lib winspool.lib comdlg32.lib advapi32.lib shell32.lib ole32.lib oleaut32.lib uuid.lib odbc32.lib odbccp32.lib /MANIFEST /ManifestFile:"Debug\oop.exe.intermediate.manifest" /MANIFESTUAC:"level='asInvoker' uiAccess='false'" /DEBUG /PDB:"D:\users\wingo\teaching\ObjectOrientedProgramming\1_Class_Examples\002_SimpleExamples_SoftwareDevelopmentProcess\00_SQUARE_01_Readable\Debug\oop.pdb" /SUBSYSTEM:CONSOLE /TLBID:1 /DYNAMICBASE /NXCOMPAT /IMPLIB:"D:\users\wingo\teaching\ObjectOrientedProgramming\1_Class_Examples\002_SimpleExamples_SoftwareDevelopmentProcess\00_SQUARE_01_Readable\Debug\oop.lib" /MACHINE:X86 Debug\oop.exe.embed.manifest.res
         Debug\main.obj
       Manifest:
         c:\Program Files (x86)\Microsoft SDKs\Windows\v7.0A\bin\mt.exe /nologo /verbose /out:"Debug\oop.exe.embed.manifest" /manifest Debug\oop.exe.intermediate.manifest
         c:\Program Files (x86)\Microsoft SDKs\Windows\v7.0A\bin\rc.exe /nologo /fo"Debug\oop.exe.embed.manifest.res" Debug\oop_manifest.rc 
       LinkEmbedManifest:
         C:\Program Files (x86)\Microsoft Visual Studio 10.0\VC\bin\link.exe /ERRORREPORT:PROMPT /OUT:"D:\users\wingo\teaching\ObjectOrientedProgramming\1_Class_Examples\002_SimpleExamples_SoftwareDevelopmentProcess\00_SQUARE_01_Readable\Debug\oop.exe" /INCREMENTAL /NOLOGO kernel32.lib user32.lib gdi32.lib winspool.lib comdlg32.lib advapi32.lib shell32.lib ole32.lib oleaut32.lib uuid.lib odbc32.lib odbccp32.lib /MANIFEST /ManifestFile:"Debug\oop.exe.intermediate.manifest" /MANIFESTUAC:"level='asInvoker' uiAccess='false'" /DEBUG /PDB:"D:\users\wingo\teaching\ObjectOrientedProgramming\1_Class_Examples\002_SimpleExamples_SoftwareDevelopmentProcess\00_SQUARE_01_Readable\Debug\oop.pdb" /SUBSYSTEM:CONSOLE /TLBID:1 /DYNAMICBASE /NXCOMPAT /IMPLIB:"D:\users\wingo\teaching\ObjectOrientedProgramming\1_Class_Examples\002_SimpleExamples_SoftwareDevelopmentProcess\00_SQUARE_01_Readable\Debug\oop.lib" /MACHINE:X86 Debug\oop.exe.embed.manifest.res
         Debug\main.obj
         oop.vcxproj -> D:\users\wingo\teaching\ObjectOrientedProgramming\1_Class_Examples\002_SimpleExamples_SoftwareDevelopmentProcess\00_SQUARE_01_Readable\Debug\oop.exe
       FinalizeBuildStatus:
         Deleting file "Debug\oop.unsuccessfulbuild".
         Touching "Debug\oop.lastbuildstate".
     1>Done Building Project "D:\users\wingo\teaching\ObjectOrientedProgramming\1_Class_Examples\002_SimpleExamples_SoftwareDevelopmentProcess\00_SQUARE_01_Readable\oop\oop.vcxproj" (build target(s)).

Build succeeded.

Time Elapsed 00:00:01.35
